<?xml version="1.0" encoding="UTF-8"?>
<testsuite xmlns:xsi="http://www.w3.org/2001/XMLSchema-instance" xsi:noNamespaceSchemaLocation="https://maven.apache.org/surefire/maven-surefire-plugin/xsd/surefire-test-report.xsd" name="com.shangan.trade.coupon.RedisTest" time="6.589" tests="3" errors="0" skipped="0" failures="0">
  <properties>
[...]
</properties>
  <testcase name="redisLockTest" classname="com.shangan.trade.coupon.RedisTest" time="0.545"/>
  <testcase name="getValueTest" classname="com.shangan.trade.coupon.RedisTest" time="0.016"/>
  <testcase name="setValueTest" classname="com.shangan.trade.coupon.RedisTest" time="0.004"/>
</testsuite>